  protocal.cpp
c:\users\happy\onedrive\바탕 화면\오목만들기\fivetree\fivetree\protocal.h(42): warning C4996: 'wcscpy': This function or variable may be unsafe. Consider using wcscpy_s instead. To disable deprecation, use _CRT_SECURE_NO_WARNINGS. See online help for details.
  c:\program files (x86)\windows kits\10\include\10.0.10240.0\ucrt\corecrt_wstring.h(121): note: 'wcscpy' 선언을 참조하십시오.
c:\users\happy\onedrive\바탕 화면\오목만들기\fivetree\fivetree\protocal.h(43): warning C4996: 'wcscpy': This function or variable may be unsafe. Consider using wcscpy_s instead. To disable deprecation, use _CRT_SECURE_NO_WARNINGS. See online help for details.
  c:\program files (x86)\windows kits\10\include\10.0.10240.0\ucrt\corecrt_wstring.h(121): note: 'wcscpy' 선언을 참조하십시오.
c:\users\happy\onedrive\바탕 화면\오목만들기\fivetree\fivetree\protocal.h(71): warning C4996: 'wcscpy': This function or variable may be unsafe. Consider using wcscpy_s instead. To disable deprecation, use _CRT_SECURE_NO_WARNINGS. See online help for details.
  c:\program files (x86)\windows kits\10\include\10.0.10240.0\ucrt\corecrt_wstring.h(121): note: 'wcscpy' 선언을 참조하십시오.
c:\users\happy\onedrive\바탕 화면\오목만들기\fivetree\fivetree\protocal.h(95): warning C4996: 'wcscpy': This function or variable may be unsafe. Consider using wcscpy_s instead. To disable deprecation, use _CRT_SECURE_NO_WARNINGS. See online help for details.
  c:\program files (x86)\windows kits\10\include\10.0.10240.0\ucrt\corecrt_wstring.h(121): note: 'wcscpy' 선언을 참조하십시오.
c:\users\happy\onedrive\바탕 화면\오목만들기\fivetree\fivetree\protocal.h(96): warning C4996: 'wcscpy': This function or variable may be unsafe. Consider using wcscpy_s instead. To disable deprecation, use _CRT_SECURE_NO_WARNINGS. See online help for details.
  c:\program files (x86)\windows kits\10\include\10.0.10240.0\ucrt\corecrt_wstring.h(121): note: 'wcscpy' 선언을 참조하십시오.
  코드를 생성하고 있습니다...
  컴파일하고 있습니다...
  server.cpp
c:\users\happy\onedrive\바탕 화면\오목만들기\fivetree\fivetree\protocal.h(42): warning C4996: 'wcscpy': This function or variable may be unsafe. Consider using wcscpy_s instead. To disable deprecation, use _CRT_SECURE_NO_WARNINGS. See online help for details.
  c:\program files (x86)\windows kits\10\include\10.0.10240.0\ucrt\corecrt_wstring.h(121): note: 'wcscpy' 선언을 참조하십시오.
c:\users\happy\onedrive\바탕 화면\오목만들기\fivetree\fivetree\protocal.h(43): warning C4996: 'wcscpy': This function or variable may be unsafe. Consider using wcscpy_s instead. To disable deprecation, use _CRT_SECURE_NO_WARNINGS. See online help for details.
  c:\program files (x86)\windows kits\10\include\10.0.10240.0\ucrt\corecrt_wstring.h(121): note: 'wcscpy' 선언을 참조하십시오.
c:\users\happy\onedrive\바탕 화면\오목만들기\fivetree\fivetree\protocal.h(71): warning C4996: 'wcscpy': This function or variable may be unsafe. Consider using wcscpy_s instead. To disable deprecation, use _CRT_SECURE_NO_WARNINGS. See online help for details.
  c:\program files (x86)\windows kits\10\include\10.0.10240.0\ucrt\corecrt_wstring.h(121): note: 'wcscpy' 선언을 참조하십시오.
c:\users\happy\onedrive\바탕 화면\오목만들기\fivetree\fivetree\protocal.h(95): warning C4996: 'wcscpy': This function or variable may be unsafe. Consider using wcscpy_s instead. To disable deprecation, use _CRT_SECURE_NO_WARNINGS. See online help for details.
  c:\program files (x86)\windows kits\10\include\10.0.10240.0\ucrt\corecrt_wstring.h(121): note: 'wcscpy' 선언을 참조하십시오.
c:\users\happy\onedrive\바탕 화면\오목만들기\fivetree\fivetree\protocal.h(96): warning C4996: 'wcscpy': This function or variable may be unsafe. Consider using wcscpy_s instead. To disable deprecation, use _CRT_SECURE_NO_WARNINGS. See online help for details.
  c:\program files (x86)\windows kits\10\include\10.0.10240.0\ucrt\corecrt_wstring.h(121): note: 'wcscpy' 선언을 참조하십시오.
c:\users\happy\onedrive\바탕 화면\오목만들기\fivetree\fivetree\server.cpp(26): warning C4996: 'WSAAsyncSelect': Use WSAEventSelect() instead or define _WINSOCK_DEPRECATED_NO_WARNINGS to disable deprecated API warnings
  c:\program files (x86)\windows kits\8.1\include\um\winsock2.h(2699): note: 'WSAAsyncSelect' 선언을 참조하십시오.
c:\users\happy\onedrive\바탕 화면\오목만들기\fivetree\fivetree\server.cpp(32): warning C4996: 'inet_addr': Use inet_pton() or InetPton() instead or define _WINSOCK_DEPRECATED_NO_WARNINGS to disable deprecated API warnings
  c:\program files (x86)\windows kits\8.1\include\um\winsock2.h(1850): note: 'inet_addr' 선언을 참조하십시오.
c:\users\happy\onedrive\바탕 화면\오목만들기\fivetree\fivetree\server.cpp(61): warning C4996: 'WSAAsyncSelect': Use WSAEventSelect() instead or define _WINSOCK_DEPRECATED_NO_WARNINGS to disable deprecated API warnings
  c:\program files (x86)\windows kits\8.1\include\um\winsock2.h(2699): note: 'WSAAsyncSelect' 선언을 참조하십시오.
c:\users\happy\onedrive\바탕 화면\오목만들기\fivetree\fivetree\server.cpp(49): warning C4101: 'addrLen' :참조되지 않은 지역 변수입니다.
c:\users\happy\onedrive\바탕 화면\오목만들기\fivetree\fivetree\server.cpp(48): warning C4101: 'clientAddr' :참조되지 않은 지역 변수입니다.
  sendPacket.cpp
c:\users\happy\onedrive\바탕 화면\오목만들기\fivetree\fivetree\protocal.h(42): warning C4996: 'wcscpy': This function or variable may be unsafe. Consider using wcscpy_s instead. To disable deprecation, use _CRT_SECURE_NO_WARNINGS. See online help for details.
  c:\program files (x86)\windows kits\10\include\10.0.10240.0\ucrt\corecrt_wstring.h(121): note: 'wcscpy' 선언을 참조하십시오.
c:\users\happy\onedrive\바탕 화면\오목만들기\fivetree\fivetree\protocal.h(43): warning C4996: 'wcscpy': This function or variable may be unsafe. Consider using wcscpy_s instead. To disable deprecation, use _CRT_SECURE_NO_WARNINGS. See online help for details.
  c:\program files (x86)\windows kits\10\include\10.0.10240.0\ucrt\corecrt_wstring.h(121): note: 'wcscpy' 선언을 참조하십시오.
c:\users\happy\onedrive\바탕 화면\오목만들기\fivetree\fivetree\protocal.h(71): warning C4996: 'wcscpy': This function or variable may be unsafe. Consider using wcscpy_s instead. To disable deprecation, use _CRT_SECURE_NO_WARNINGS. See online help for details.
  c:\program files (x86)\windows kits\10\include\10.0.10240.0\ucrt\corecrt_wstring.h(121): note: 'wcscpy' 선언을 참조하십시오.
c:\users\happy\onedrive\바탕 화면\오목만들기\fivetree\fivetree\protocal.h(95): warning C4996: 'wcscpy': This function or variable may be unsafe. Consider using wcscpy_s instead. To disable deprecation, use _CRT_SECURE_NO_WARNINGS. See online help for details.
  c:\program files (x86)\windows kits\10\include\10.0.10240.0\ucrt\corecrt_wstring.h(121): note: 'wcscpy' 선언을 참조하십시오.
c:\users\happy\onedrive\바탕 화면\오목만들기\fivetree\fivetree\protocal.h(96): warning C4996: 'wcscpy': This function or variable may be unsafe. Consider using wcscpy_s instead. To disable deprecation, use _CRT_SECURE_NO_WARNINGS. See online help for details.
  c:\program files (x86)\windows kits\10\include\10.0.10240.0\ucrt\corecrt_wstring.h(121): note: 'wcscpy' 선언을 참조하십시오.
  코드를 생성하고 있습니다...
c:\users\happy\onedrive\바탕 화면\오목만들기\fivetree\fivetree\server.cpp(130): warning C4700: 초기화되지 않은 'loginUserSuccess' 지역 변수를 사용했습니다.
  fivetree.vcxproj -> C:\Users\happy\OneDrive\바탕 화면\오목만들기\fivetree\Debug\fivetree.exe
  fivetree.vcxproj -> C:\Users\happy\OneDrive\바탕 화면\오목만들기\fivetree\Debug\fivetree.pdb (Full PDB)
